
 [Mon Nov 28 2022 03:18:46 GMT+0530 (India Standard Time)}: mongoDB connected!

 [Mon Nov 28 2022 03:24:02 GMT+0530 (India Standard Time)}: mongoDB connected!

 [Mon Nov 28 2022 03:25:30 GMT+0530 (India Standard Time)}: mongoDB connected!

 [Mon Nov 28 2022 03:26:32 GMT+0530 (India Standard Time)}: mongoDB connected!

 [Mon Nov 28 2022 03:26:46 GMT+0530 (India Standard Time)}: mongoDB connected!

 [Mon Nov 28 2022 03:27:40 GMT+0530 (India Standard Time)}: mongoDB connected!

 [Mon Nov 28 2022 03:27:49 GMT+0530 (India Standard Time)}: mongoDB connected!

 [Mon Nov 28 2022 03:29:22 GMT+0530 (India Standard Time)}: mongoDB connected!

 [Mon Nov 28 2022 03:32:27 GMT+0530 (India Standard Time)}: mongoDB connected!

 [Mon Nov 28 2022 03:33:28 GMT+0530 (India Standard Time)}: mongoDB connected!

 [Mon Nov 28 2022 03:33:51 GMT+0530 (India Standard Time)}: mongoDB connected!

 [Mon Nov 28 2022 03:34:17 GMT+0530 (India Standard Time)}: mongoDB connected!

 [Mon Nov 28 2022 03:34:28 GMT+0530 (India Standard Time)}: mongoDB connected!

 [Mon Nov 28 2022 03:34:35 GMT+0530 (India Standard Time)}: mongoDB connected!

 [Mon Nov 28 2022 03:35:31 GMT+0530 (India Standard Time)}: mongoDB connected!

 [Mon Nov 28 2022 03:36:49 GMT+0530 (India Standard Time)}: mongoDB connected!

 [Mon Nov 28 2022 03:37:20 GMT+0530 (India Standard Time)}: mongoDB connected!

 [Mon Nov 28 2022 03:37:39 GMT+0530 (India Standard Time)}: mongoDB connected!

 [Mon Nov 28 2022 03:38:17 GMT+0530 (India Standard Time)}: mongoDB connected!

 [Mon Nov 28 2022 03:39:07 GMT+0530 (India Standard Time)}: mongoDB connected!

 [Mon Nov 28 2022 03:39:29 GMT+0530 (India Standard Time)}: mongoDB connected!

 [Mon Nov 28 2022 03:39:49 GMT+0530 (India Standard Time)}: mongoDB connected!

 [Mon Nov 28 2022 03:39:53 GMT+0530 (India Standard Time)}: mongoDB connected!

 [Mon Nov 28 2022 03:41:02 GMT+0530 (India Standard Time)}: mongoDB connected!

 [Mon Nov 28 2022 03:42:26 GMT+0530 (India Standard Time)}: mongoDB connected!

 [Mon Nov 28 2022 03:42:53 GMT+0530 (India Standard Time)}: mongoDB connected!

 [Mon Nov 28 2022 03:43:05 GMT+0530 (India Standard Time)}: mongoDB connected!

 [Mon Nov 28 2022 03:44:08 GMT+0530 (India Standard Time)}: mongoDB connected!

 [Mon Nov 28 2022 03:44:52 GMT+0530 (India Standard Time)}: mongoDB connected!

 [Mon Nov 28 2022 03:46:07 GMT+0530 (India Standard Time)}: mongoDB connected!

 [Mon Nov 28 2022 03:51:22 GMT+0530 (India Standard Time)}: mongoDB connected!

 [Mon Nov 28 2022 03:53:52 GMT+0530 (India Standard Time)}: mongoDB connected!

 [Mon Nov 28 2022 03:59:49 GMT+0530 (India Standard Time)}: mongoDB connected!

 [Mon Nov 28 2022 04:04:50 GMT+0530 (India Standard Time)}: mongoDB connected!

 [Mon Nov 28 2022 04:06:04 GMT+0530 (India Standard Time)}: mongoDB connected!

 [Mon Nov 28 2022 04:06:11 GMT+0530 (India Standard Time)}: mongoDB connected!

 [Mon Nov 28 2022 04:06:29 GMT+0530 (India Standard Time)}: mongoDB connected!

 [Mon Nov 28 2022 04:06:32 GMT+0530 (India Standard Time)}: mongoDB connected!

 [Mon Nov 28 2022 04:07:34 GMT+0530 (India Standard Time)}: mongoDB connected!

 [Mon Nov 28 2022 04:07:47 GMT+0530 (India Standard Time)}: mongoDB connected!

 [Mon Nov 28 2022 04:08:03 GMT+0530 (India Standard Time)}: mongoDB connected!

 [Mon Nov 28 2022 04:12:01 GMT+0530 (India Standard Time)}: mongoDB connected!

 [Mon Nov 28 2022 14:43:25 GMT+0530 (India Standard Time)}: mongoDB disconnected!

 [Mon Nov 28 2022 14:43:47 GMT+0530 (India Standard Time)}: mongoDB connected!

 [Mon Nov 28 2022 16:14:47 GMT+0530 (India Standard Time)}: mongoDB connected!

 [Mon Nov 28 2022 16:16:04 GMT+0530 (India Standard Time)}: mongoDB connected!

 [Mon Nov 28 2022 16:17:33 GMT+0530 (India Standard Time)}: mongoDB connected!

 [Mon Nov 28 2022 16:17:53 GMT+0530 (India Standard Time)}: mongoDB connected!

 [Mon Nov 28 2022 16:18:26 GMT+0530 (India Standard Time)}: mongoDB connected!

 [Mon Nov 28 2022 16:18:53 GMT+0530 (India Standard Time)}: mongoDB connected!

 [Mon Nov 28 2022 16:20:46 GMT+0530 (India Standard Time)}: mongoDB connected!

 [Mon Nov 28 2022 16:21:42 GMT+0530 (India Standard Time)}: mongoDB connected!

 [Mon Nov 28 2022 16:22:58 GMT+0530 (India Standard Time)}: mongoDB connected!

 [Mon Nov 28 2022 16:24:25 GMT+0530 (India Standard Time)}: mongoDB connected!

 [Mon Nov 28 2022 16:24:33 GMT+0530 (India Standard Time)}: mongoDB connected!

 [Mon Nov 28 2022 16:24:48 GMT+0530 (India Standard Time)}: mongoDB connected!

 [Mon Nov 28 2022 16:25:29 GMT+0530 (India Standard Time)}: mongoDB connected!

 [Mon Nov 28 2022 16:26:34 GMT+0530 (India Standard Time)}: mongoDB connected!

 [Mon Nov 28 2022 16:27:09 GMT+0530 (India Standard Time)}: mongoDB connected!

 [Mon Nov 28 2022 16:27:24 GMT+0530 (India Standard Time)}: mongoDB connected!

 [Mon Nov 28 2022 16:27:35 GMT+0530 (India Standard Time)}: mongoDB connected!

 [Mon Nov 28 2022 16:27:47 GMT+0530 (India Standard Time)}: mongoDB connected!

 [Mon Nov 28 2022 16:27:51 GMT+0530 (India Standard Time)}: mongoDB connected!

 [Mon Nov 28 2022 16:28:07 GMT+0530 (India Standard Time)}: mongoDB connected!

 [Mon Nov 28 2022 16:28:30 GMT+0530 (India Standard Time)}: mongoDB connected!

 [Mon Nov 28 2022 16:28:51 GMT+0530 (India Standard Time)}: mongoDB connected!

 [Mon Nov 28 2022 16:29:22 GMT+0530 (India Standard Time)}: mongoDB connected!

 [Mon Nov 28 2022 16:29:30 GMT+0530 (India Standard Time)}: mongoDB connected!

 [Mon Nov 28 2022 16:33:48 GMT+0530 (India Standard Time)}: mongoDB connected!

 [Mon Nov 28 2022 16:34:16 GMT+0530 (India Standard Time)}: mongoDB connected!

 [Mon Nov 28 2022 16:40:58 GMT+0530 (India Standard Time)}: mongoDB connected!

 [Mon Nov 28 2022 16:41:25 GMT+0530 (India Standard Time)}: mongoDB connected!

 [Mon Nov 28 2022 16:42:19 GMT+0530 (India Standard Time)}: mongoDB connected!

 [Mon Nov 28 2022 17:02:29 GMT+0530 (India Standard Time)}: mongoDB connected!

 [Mon Nov 28 2022 17:02:44 GMT+0530 (India Standard Time)}: mongoDB connected!

 [Mon Nov 28 2022 17:02:49 GMT+0530 (India Standard Time)}: mongoDB connected!

 [Mon Nov 28 2022 17:03:03 GMT+0530 (India Standard Time)}: mongoDB connected!

 [Mon Nov 28 2022 17:03:15 GMT+0530 (India Standard Time)}: mongoDB connected!

 [Mon Nov 28 2022 17:12:23 GMT+0530 (India Standard Time)}: mongoDB connected!

 [Mon Nov 28 2022 17:12:26 GMT+0530 (India Standard Time)}: mongoDB connected!

 [Mon Nov 28 2022 17:24:05 GMT+0530 (India Standard Time)}: mongoDB connected!

 [Mon Nov 28 2022 17:24:54 GMT+0530 (India Standard Time)}: mongoDB connected!

 [Mon Nov 28 2022 17:24:57 GMT+0530 (India Standard Time)}: mongoDB connected!

 [Mon Nov 28 2022 17:25:33 GMT+0530 (India Standard Time)}: mongoDB connected!

 [Mon Nov 28 2022 17:51:05 GMT+0530 (India Standard Time)}: mongoDB connected!

 [Mon Nov 28 2022 17:51:46 GMT+0530 (India Standard Time)}: mongoDB connected!

 [Mon Nov 28 2022 18:20:31 GMT+0530 (India Standard Time)}: mongoDB connected!

 [Mon Nov 28 2022 18:21:15 GMT+0530 (India Standard Time)}: mongoDB connected!

 [Mon Nov 28 2022 18:22:22 GMT+0530 (India Standard Time)}: mongoDB connected!

 [Mon Nov 28 2022 18:22:26 GMT+0530 (India Standard Time)}: mongoDB connected!

 [Mon Nov 28 2022 18:22:39 GMT+0530 (India Standard Time)}: mongoDB connected!

 [Mon Nov 28 2022 18:22:53 GMT+0530 (India Standard Time)}: mongoDB connected!

 [Mon Nov 28 2022 18:23:03 GMT+0530 (India Standard Time)}: mongoDB connected!

 [Mon Nov 28 2022 18:23:20 GMT+0530 (India Standard Time)}: mongoDB connected!

 [Mon Nov 28 2022 18:23:45 GMT+0530 (India Standard Time)}: mongoDB connected!

 [Mon Nov 28 2022 18:24:21 GMT+0530 (India Standard Time)}: mongoDB connected!

 [Mon Nov 28 2022 18:24:55 GMT+0530 (India Standard Time)}: mongoDB connected!

 [Mon Nov 28 2022 18:24:59 GMT+0530 (India Standard Time)}: mongoDB connected!

 [Mon Nov 28 2022 18:25:33 GMT+0530 (India Standard Time)}: mongoDB connected!

 [Mon Nov 28 2022 18:32:04 GMT+0530 (India Standard Time)}: mongoDB connected!

 [Mon Nov 28 2022 18:34:02 GMT+0530 (India Standard Time)}: mongoDB connected!

 [Mon Nov 28 2022 18:34:18 GMT+0530 (India Standard Time)}: mongoDB connected!

 [Mon Nov 28 2022 18:36:15 GMT+0530 (India Standard Time)}: mongoDB connected!

 [Mon Nov 28 2022 18:37:30 GMT+0530 (India Standard Time)}: mongoDB connected!

 [Mon Nov 28 2022 18:37:48 GMT+0530 (India Standard Time)}: mongoDB connected!

 [Mon Nov 28 2022 18:38:35 GMT+0530 (India Standard Time)}: mongoDB connected!

 [Mon Nov 28 2022 18:41:41 GMT+0530 (India Standard Time)}: mongoDB connected!

 [Mon Nov 28 2022 18:43:30 GMT+0530 (India Standard Time)}: mongoDB connected!

 [Mon Nov 28 2022 18:44:40 GMT+0530 (India Standard Time)}: mongoDB connected!

 [Mon Nov 28 2022 18:45:23 GMT+0530 (India Standard Time)}: mongoDB connected!

 [Mon Nov 28 2022 18:45:27 GMT+0530 (India Standard Time)}: mongoDB connected!

 [Mon Nov 28 2022 18:45:44 GMT+0530 (India Standard Time)}: mongoDB connected!

 [Mon Nov 28 2022 18:45:52 GMT+0530 (India Standard Time)}: mongoDB connected!

 [Mon Nov 28 2022 18:46:08 GMT+0530 (India Standard Time)}: mongoDB connected!

 [Mon Nov 28 2022 20:03:53 GMT+0530 (India Standard Time)}: mongoDB connected!

 [Mon Nov 28 2022 20:04:48 GMT+0530 (India Standard Time)}: mongoDB connected!

 [Mon Nov 28 2022 20:07:51 GMT+0530 (India Standard Time)}: mongoDB connected!

 [Mon Nov 28 2022 20:07:53 GMT+0530 (India Standard Time)}: mongoDB connected!

 [Mon Nov 28 2022 20:24:47 GMT+0530 (India Standard Time)}: mongoDB connected!

 [Mon Nov 28 2022 20:26:13 GMT+0530 (India Standard Time)}: mongoDB connected!

 [Mon Nov 28 2022 20:26:23 GMT+0530 (India Standard Time)}: mongoDB connected!

 [Mon Nov 28 2022 20:27:13 GMT+0530 (India Standard Time)}: mongoDB connected!

 [Mon Nov 28 2022 20:27:16 GMT+0530 (India Standard Time)}: mongoDB connected!

 [Mon Nov 28 2022 20:27:33 GMT+0530 (India Standard Time)}: mongoDB connected!

 [Mon Nov 28 2022 20:27:57 GMT+0530 (India Standard Time)}: mongoDB connected!

 [Mon Nov 28 2022 20:31:48 GMT+0530 (India Standard Time)}: mongoDB disconnected!

 [Mon Nov 28 2022 21:54:13 GMT+0530 (India Standard Time)}: mongoDB connected!

 [Mon Nov 28 2022 21:54:54 GMT+0530 (India Standard Time)}: mongoDB disconnected!

 [Mon Nov 28 2022 21:55:06 GMT+0530 (India Standard Time)}: mongoDB connected!

 [Mon Nov 28 2022 21:55:31 GMT+0530 (India Standard Time)}: mongoDB disconnected!

 [Mon Nov 28 2022 21:55:36 GMT+0530 (India Standard Time)}: mongoDB connected!

 [Mon Nov 28 2022 21:58:40 GMT+0530 (India Standard Time)}: mongoDB disconnected!

 [Mon Nov 28 2022 21:59:36 GMT+0530 (India Standard Time)}: mongoDB connected!

 [Mon Nov 28 2022 22:07:32 GMT+0530 (India Standard Time)}: mongoDB disconnected!

 [Mon Nov 28 2022 22:07:47 GMT+0530 (India Standard Time)}: mongoDB connected!

 [Mon Nov 28 2022 22:54:28 GMT+0530 (India Standard Time)}: mongoDB connected!

 [Mon Nov 28 2022 22:54:39 GMT+0530 (India Standard Time)}: mongoDB connected!

 [Mon Nov 28 2022 22:54:50 GMT+0530 (India Standard Time)}: mongoDB connected!

 [Mon Nov 28 2022 22:56:18 GMT+0530 (India Standard Time)}: mongoDB connected!

 [Mon Nov 28 2022 22:56:34 GMT+0530 (India Standard Time)}: mongoDB connected!

 [Mon Nov 28 2022 22:57:47 GMT+0530 (India Standard Time)}: mongoDB connected!

 [Mon Nov 28 2022 22:58:01 GMT+0530 (India Standard Time)}: mongoDB connected!

 [Mon Nov 28 2022 22:59:28 GMT+0530 (India Standard Time)}: mongoDB connected!

 [Mon Nov 28 2022 23:02:15 GMT+0530 (India Standard Time)}: mongoDB connected!

 [Mon Nov 28 2022 23:02:58 GMT+0530 (India Standard Time)}: mongoDB connected!

 [Mon Nov 28 2022 23:03:51 GMT+0530 (India Standard Time)}: mongoDB connected!

 [Mon Nov 28 2022 23:04:06 GMT+0530 (India Standard Time)}: mongoDB connected!

 [Mon Nov 28 2022 23:06:20 GMT+0530 (India Standard Time)}: mongoDB connected!

 [Mon Nov 28 2022 23:06:41 GMT+0530 (India Standard Time)}: mongoDB connected!

 [Mon Nov 28 2022 23:09:44 GMT+0530 (India Standard Time)}: mongoDB connected!

 [Mon Nov 28 2022 23:10:34 GMT+0530 (India Standard Time)}: mongoDB connected!

 [Mon Nov 28 2022 23:11:38 GMT+0530 (India Standard Time)}: mongoDB connected!

 [Mon Nov 28 2022 23:11:46 GMT+0530 (India Standard Time)}: mongoDB connected!

 [Mon Nov 28 2022 23:13:45 GMT+0530 (India Standard Time)}: mongoDB connected!

 [Mon Nov 28 2022 23:14:10 GMT+0530 (India Standard Time)}: mongoDB connected!

 [Mon Nov 28 2022 23:15:17 GMT+0530 (India Standard Time)}: mongoDB connected!

 [Mon Nov 28 2022 23:16:14 GMT+0530 (India Standard Time)}: mongoDB connected!

 [Mon Nov 28 2022 23:16:36 GMT+0530 (India Standard Time)}: mongoDB connected!

 [Mon Nov 28 2022 23:16:55 GMT+0530 (India Standard Time)}: mongoDB connected!

 [Mon Nov 28 2022 23:17:48 GMT+0530 (India Standard Time)}: mongoDB connected!

 [Mon Nov 28 2022 23:17:55 GMT+0530 (India Standard Time)}: mongoDB connected!

 [Mon Nov 28 2022 23:17:59 GMT+0530 (India Standard Time)}: mongoDB connected!

 [Mon Nov 28 2022 23:19:12 GMT+0530 (India Standard Time)}: mongoDB connected!

 [Mon Nov 28 2022 23:19:47 GMT+0530 (India Standard Time)}: mongoDB connected!

 [Mon Nov 28 2022 23:20:12 GMT+0530 (India Standard Time)}: mongoDB connected!

 [Mon Nov 28 2022 23:20:38 GMT+0530 (India Standard Time)}: mongoDB connected!

 [Mon Nov 28 2022 23:21:12 GMT+0530 (India Standard Time)}: mongoDB connected!

 [Mon Nov 28 2022 23:22:59 GMT+0530 (India Standard Time)}: mongoDB connected!

 [Mon Nov 28 2022 23:23:28 GMT+0530 (India Standard Time)}: mongoDB connected!

 [Mon Nov 28 2022 23:24:02 GMT+0530 (India Standard Time)}: mongoDB connected!

 [Mon Nov 28 2022 23:24:08 GMT+0530 (India Standard Time)}: mongoDB connected!

 [Mon Nov 28 2022 23:25:04 GMT+0530 (India Standard Time)}: mongoDB connected!

 [Mon Nov 28 2022 23:26:03 GMT+0530 (India Standard Time)}: mongoDB connected!

 [Mon Nov 28 2022 23:26:12 GMT+0530 (India Standard Time)}: mongoDB connected!

 [Mon Nov 28 2022 23:28:13 GMT+0530 (India Standard Time)}: mongoDB connected!

 [Mon Nov 28 2022 23:29:19 GMT+0530 (India Standard Time)}: mongoDB connected!

 [Mon Nov 28 2022 23:29:33 GMT+0530 (India Standard Time)}: mongoDB connected!

 [Mon Nov 28 2022 23:30:35 GMT+0530 (India Standard Time)}: mongoDB connected!

 [Mon Nov 28 2022 23:30:39 GMT+0530 (India Standard Time)}: mongoDB connected!

 [Mon Nov 28 2022 23:30:43 GMT+0530 (India Standard Time)}: mongoDB connected!

 [Mon Nov 28 2022 23:32:45 GMT+0530 (India Standard Time)}: mongoDB connected!

 [Mon Nov 28 2022 23:36:45 GMT+0530 (India Standard Time)}: mongoDB connected!

 [Mon Nov 28 2022 23:37:02 GMT+0530 (India Standard Time)}: mongoDB connected!

 [Mon Nov 28 2022 23:38:34 GMT+0530 (India Standard Time)}: mongoDB connected!

 [Mon Nov 28 2022 23:38:47 GMT+0530 (India Standard Time)}: mongoDB connected!

 [Mon Nov 28 2022 23:40:11 GMT+0530 (India Standard Time)}: mongoDB connected!

 [Mon Nov 28 2022 23:42:00 GMT+0530 (India Standard Time)}: mongoDB connected!

 [Mon Nov 28 2022 23:43:28 GMT+0530 (India Standard Time)}: mongoDB connected!

 [Mon Nov 28 2022 23:58:55 GMT+0530 (India Standard Time)}: mongoDB connected!

 [Tue Nov 29 2022 00:01:53 GMT+0530 (India Standard Time)}: mongoDB connected!

 [Tue Nov 29 2022 00:02:05 GMT+0530 (India Standard Time)}: mongoDB connected!

 [Tue Nov 29 2022 00:02:16 GMT+0530 (India Standard Time)}: mongoDB connected!

 [Tue Nov 29 2022 00:02:19 GMT+0530 (India Standard Time)}: mongoDB connected!

 [Tue Nov 29 2022 00:03:04 GMT+0530 (India Standard Time)}: mongoDB connected!

 [Tue Nov 29 2022 00:03:24 GMT+0530 (India Standard Time)}: mongoDB connected!

 [Tue Nov 29 2022 00:03:28 GMT+0530 (India Standard Time)}: mongoDB connected!

 [Tue Nov 29 2022 00:04:04 GMT+0530 (India Standard Time)}: mongoDB connected!

 [Tue Nov 29 2022 00:36:57 GMT+0530 (India Standard Time)}: mongoDB disconnected!

 [Tue Nov 29 2022 00:37:18 GMT+0530 (India Standard Time)}: mongoDB connected!

 [Tue Nov 29 2022 00:42:44 GMT+0530 (India Standard Time)}: mongoDB connected!

 [Tue Nov 29 2022 00:43:48 GMT+0530 (India Standard Time)}: mongoDB connected!

 [Tue Nov 29 2022 00:45:00 GMT+0530 (India Standard Time)}: mongoDB connected!

 [Tue Nov 29 2022 00:45:18 GMT+0530 (India Standard Time)}: mongoDB connected!

 [Tue Nov 29 2022 00:45:50 GMT+0530 (India Standard Time)}: mongoDB connected!

 [Tue Nov 29 2022 00:46:02 GMT+0530 (India Standard Time)}: mongoDB connected!

 [Tue Nov 29 2022 00:46:28 GMT+0530 (India Standard Time)}: mongoDB connected!

 [Wed Nov 30 2022 15:38:49 GMT+0530 (India Standard Time)}: mongoDB disconnected!

 [Wed Nov 30 2022 15:39:27 GMT+0530 (India Standard Time)}: mongoDB connected!

 [Wed Nov 30 2022 16:13:26 GMT+0530 (India Standard Time)}: mongoDB disconnected!

 [Wed Nov 30 2022 16:20:29 GMT+0530 (India Standard Time)}: mongoDB disconnected!

 [Wed Nov 30 2022 16:21:08 GMT+0530 (India Standard Time)}: mongoDB disconnected!

 [Wed Nov 30 2022 16:22:23 GMT+0530 (India Standard Time)}: mongoDB disconnected!

 [Thu Dec 01 2022 16:11:44 GMT+0530 (India Standard Time)}: mongoDB connected!

 [Thu Dec 01 2022 16:14:12 GMT+0530 (India Standard Time)}: mongoDB connected!

 [Thu Dec 01 2022 16:14:30 GMT+0530 (India Standard Time)}: mongoDB connected!

 [Thu Dec 01 2022 16:15:06 GMT+0530 (India Standard Time)}: mongoDB connected!

 [Thu Dec 01 2022 16:17:28 GMT+0530 (India Standard Time)}: mongoDB connected!

 [Thu Dec 01 2022 16:17:38 GMT+0530 (India Standard Time)}: mongoDB connected!

 [Thu Dec 01 2022 16:17:52 GMT+0530 (India Standard Time)}: mongoDB connected!

 [Thu Dec 01 2022 16:18:24 GMT+0530 (India Standard Time)}: mongoDB connected!

 [Thu Dec 01 2022 16:18:28 GMT+0530 (India Standard Time)}: mongoDB connected!

 [Thu Dec 01 2022 16:19:44 GMT+0530 (India Standard Time)}: mongoDB connected!

 [Thu Dec 01 2022 16:22:29 GMT+0530 (India Standard Time)}: mongoDB connected!

 [Thu Dec 01 2022 16:22:46 GMT+0530 (India Standard Time)}: mongoDB connected!

 [Thu Dec 01 2022 16:23:17 GMT+0530 (India Standard Time)}: mongoDB connected!

 [Thu Dec 01 2022 16:23:56 GMT+0530 (India Standard Time)}: mongoDB connected!

 [Thu Dec 01 2022 16:24:03 GMT+0530 (India Standard Time)}: mongoDB connected!

 [Thu Dec 01 2022 18:12:46 GMT+0530 (India Standard Time)}: mongoDB connected!

 [Thu Dec 01 2022 18:14:52 GMT+0530 (India Standard Time)}: mongoDB connected!

 [Thu Dec 01 2022 18:15:56 GMT+0530 (India Standard Time)}: mongoDB connected!

 [Thu Dec 01 2022 18:44:18 GMT+0530 (India Standard Time)}: mongoDB connected!

 [Thu Dec 01 2022 18:52:09 GMT+0530 (India Standard Time)}: mongoDB disconnected!

 [Thu Dec 01 2022 18:52:19 GMT+0530 (India Standard Time)}: mongoDB connected!

 [Thu Dec 01 2022 19:57:33 GMT+0530 (India Standard Time)}: mongoDB disconnected!

 [Thu Dec 01 2022 19:58:04 GMT+0530 (India Standard Time)}: mongoDB connected!

 [Thu Dec 01 2022 20:03:55 GMT+0530 (India Standard Time)}: mongoDB disconnected!

 [Thu Dec 01 2022 20:04:05 GMT+0530 (India Standard Time)}: mongoDB connected!

 [Thu Dec 01 2022 22:35:31 GMT+0530 (India Standard Time)}: mongoDB connected!

 [Fri Dec 02 2022 00:51:06 GMT+0530 (India Standard Time)}: mongoDB connected!

 [Fri Dec 02 2022 00:52:21 GMT+0530 (India Standard Time)}: mongoDB connected!

 [Fri Dec 02 2022 00:52:44 GMT+0530 (India Standard Time)}: mongoDB connected!

 [Fri Dec 02 2022 00:54:54 GMT+0530 (India Standard Time)}: mongoDB connected!

 [Fri Dec 02 2022 00:55:40 GMT+0530 (India Standard Time)}: mongoDB connected!

 [Fri Dec 02 2022 00:56:24 GMT+0530 (India Standard Time)}: mongoDB connected!

 [Fri Dec 02 2022 00:57:10 GMT+0530 (India Standard Time)}: mongoDB connected!

 [Fri Dec 02 2022 00:58:42 GMT+0530 (India Standard Time)}: mongoDB connected!

 [Fri Dec 02 2022 00:59:24 GMT+0530 (India Standard Time)}: mongoDB connected!

 [Fri Dec 02 2022 00:59:48 GMT+0530 (India Standard Time)}: mongoDB connected!

 [Fri Dec 02 2022 01:01:48 GMT+0530 (India Standard Time)}: mongoDB connected!

 [Fri Dec 02 2022 01:03:05 GMT+0530 (India Standard Time)}: mongoDB connected!

 [Fri Dec 02 2022 01:04:49 GMT+0530 (India Standard Time)}: mongoDB connected!

 [Fri Dec 02 2022 01:04:57 GMT+0530 (India Standard Time)}: mongoDB connected!

 [Fri Dec 02 2022 01:05:54 GMT+0530 (India Standard Time)}: mongoDB connected!

 [Fri Dec 02 2022 01:07:22 GMT+0530 (India Standard Time)}: mongoDB connected!

 [Fri Dec 02 2022 01:08:04 GMT+0530 (India Standard Time)}: mongoDB connected!

 [Fri Dec 02 2022 01:09:47 GMT+0530 (India Standard Time)}: mongoDB connected!

 [Fri Dec 02 2022 01:09:49 GMT+0530 (India Standard Time)}: mongoDB connected!

 [Fri Dec 02 2022 01:11:18 GMT+0530 (India Standard Time)}: mongoDB connected!

 [Fri Dec 02 2022 01:11:52 GMT+0530 (India Standard Time)}: mongoDB connected!

 [Fri Dec 02 2022 01:12:20 GMT+0530 (India Standard Time)}: mongoDB connected!

 [Fri Dec 02 2022 01:13:15 GMT+0530 (India Standard Time)}: mongoDB connected!

 [Fri Dec 02 2022 01:13:42 GMT+0530 (India Standard Time)}: mongoDB connected!

 [Fri Dec 02 2022 01:14:02 GMT+0530 (India Standard Time)}: mongoDB connected!

 [Fri Dec 02 2022 01:15:40 GMT+0530 (India Standard Time)}: mongoDB connected!

 [Fri Dec 02 2022 01:16:17 GMT+0530 (India Standard Time)}: mongoDB connected!

 [Fri Dec 02 2022 14:42:56 GMT+0530 (India Standard Time)}: mongoDB disconnected!

 [Fri Dec 02 2022 14:43:07 GMT+0530 (India Standard Time)}: mongoDB connected!

 [Fri Dec 02 2022 14:47:10 GMT+0530 (India Standard Time)}: mongoDB connected!

 [Fri Dec 02 2022 14:55:56 GMT+0530 (India Standard Time)}: mongoDB connected!

 [Fri Dec 02 2022 14:56:00 GMT+0530 (India Standard Time)}: mongoDB connected!

 [Fri Dec 02 2022 14:57:34 GMT+0530 (India Standard Time)}: mongoDB connected!

 [Fri Dec 02 2022 14:58:44 GMT+0530 (India Standard Time)}: mongoDB connected!

 [Fri Dec 02 2022 14:58:50 GMT+0530 (India Standard Time)}: mongoDB connected!

 [Fri Dec 02 2022 15:11:29 GMT+0530 (India Standard Time)}: mongoDB connected!

 [Fri Dec 02 2022 15:14:43 GMT+0530 (India Standard Time)}: mongoDB connected!

 [Fri Dec 02 2022 15:15:46 GMT+0530 (India Standard Time)}: mongoDB connected!

 [Fri Dec 02 2022 15:16:32 GMT+0530 (India Standard Time)}: mongoDB connected!

 [Fri Dec 02 2022 15:17:14 GMT+0530 (India Standard Time)}: mongoDB connected!

 [Fri Dec 02 2022 15:17:59 GMT+0530 (India Standard Time)}: mongoDB connected!

 [Fri Dec 02 2022 15:18:31 GMT+0530 (India Standard Time)}: mongoDB connected!

 [Fri Dec 02 2022 15:19:23 GMT+0530 (India Standard Time)}: mongoDB connected!

 [Fri Dec 02 2022 15:21:48 GMT+0530 (India Standard Time)}: mongoDB connected!

 [Fri Dec 02 2022 15:22:25 GMT+0530 (India Standard Time)}: mongoDB connected!

 [Fri Dec 02 2022 16:30:08 GMT+0530 (India Standard Time)}: mongoDB disconnected!

 [Fri Dec 02 2022 16:30:19 GMT+0530 (India Standard Time)}: mongoDB connected!

 [Fri Dec 02 2022 16:36:10 GMT+0530 (India Standard Time)}: mongoDB disconnected!

 [Fri Dec 02 2022 16:36:20 GMT+0530 (India Standard Time)}: mongoDB connected!

 [Fri Dec 02 2022 20:22:34 GMT+0530 (India Standard Time)}: mongoDB connected!

 [Fri Dec 02 2022 20:27:53 GMT+0530 (India Standard Time)}: mongoDB connected!

 [Fri Dec 02 2022 20:28:09 GMT+0530 (India Standard Time)}: mongoDB connected!

 [Fri Dec 02 2022 20:29:06 GMT+0530 (India Standard Time)}: mongoDB connected!

 [Fri Dec 02 2022 20:29:42 GMT+0530 (India Standard Time)}: mongoDB connected!

 [Fri Dec 02 2022 20:30:12 GMT+0530 (India Standard Time)}: mongoDB connected!

 [Fri Dec 02 2022 20:31:43 GMT+0530 (India Standard Time)}: mongoDB connected!

 [Fri Dec 02 2022 20:31:45 GMT+0530 (India Standard Time)}: mongoDB connected!

 [Fri Dec 02 2022 20:35:55 GMT+0530 (India Standard Time)}: mongoDB disconnected!

 [Fri Dec 02 2022 22:41:02 GMT+0530 (India Standard Time)}: mongoDB connected!

 [Fri Dec 02 2022 22:47:23 GMT+0530 (India Standard Time)}: mongoDB disconnected!

 [Fri Dec 02 2022 22:47:32 GMT+0530 (India Standard Time)}: mongoDB connected!

 [Fri Dec 02 2022 22:47:57 GMT+0530 (India Standard Time)}: mongoDB connected!

 [Fri Dec 02 2022 22:48:11 GMT+0530 (India Standard Time)}: mongoDB connected!

 [Fri Dec 02 2022 22:49:27 GMT+0530 (India Standard Time)}: mongoDB connected!

 [Fri Dec 02 2022 22:49:51 GMT+0530 (India Standard Time)}: mongoDB connected!

 [Fri Dec 02 2022 22:50:36 GMT+0530 (India Standard Time)}: mongoDB connected!

 [Fri Dec 02 2022 22:50:54 GMT+0530 (India Standard Time)}: mongoDB connected!

 [Fri Dec 02 2022 22:52:27 GMT+0530 (India Standard Time)}: mongoDB connected!

 [Fri Dec 02 2022 22:52:48 GMT+0530 (India Standard Time)}: mongoDB connected!

 [Fri Dec 02 2022 22:52:51 GMT+0530 (India Standard Time)}: mongoDB connected!

 [Fri Dec 02 2022 22:54:09 GMT+0530 (India Standard Time)}: mongoDB connected!

 [Fri Dec 02 2022 23:02:29 GMT+0530 (India Standard Time)}: mongoDB connected!

 [Fri Dec 02 2022 23:05:25 GMT+0530 (India Standard Time)}: mongoDB connected!

 [Fri Dec 02 2022 23:05:57 GMT+0530 (India Standard Time)}: mongoDB connected!

 [Fri Dec 02 2022 23:06:13 GMT+0530 (India Standard Time)}: mongoDB connected!

 [Fri Dec 02 2022 23:06:26 GMT+0530 (India Standard Time)}: mongoDB connected!

 [Fri Dec 02 2022 23:06:37 GMT+0530 (India Standard Time)}: mongoDB connected!

 [Fri Dec 02 2022 23:07:15 GMT+0530 (India Standard Time)}: mongoDB connected!

 [Fri Dec 02 2022 23:07:39 GMT+0530 (India Standard Time)}: mongoDB connected!

 [Fri Dec 02 2022 23:08:02 GMT+0530 (India Standard Time)}: mongoDB connected!

 [Fri Dec 02 2022 23:08:06 GMT+0530 (India Standard Time)}: mongoDB connected!

 [Fri Dec 02 2022 23:08:36 GMT+0530 (India Standard Time)}: mongoDB connected!

 [Fri Dec 02 2022 23:12:34 GMT+0530 (India Standard Time)}: mongoDB connected!

 [Fri Dec 02 2022 23:19:00 GMT+0530 (India Standard Time)}: mongoDB connected!

 [Fri Dec 02 2022 23:19:12 GMT+0530 (India Standard Time)}: mongoDB connected!

 [Fri Dec 02 2022 23:19:23 GMT+0530 (India Standard Time)}: mongoDB connected!

 [Fri Dec 02 2022 23:19:30 GMT+0530 (India Standard Time)}: mongoDB connected!

 [Fri Dec 02 2022 23:20:11 GMT+0530 (India Standard Time)}: mongoDB connected!

 [Fri Dec 02 2022 23:20:25 GMT+0530 (India Standard Time)}: mongoDB connected!

 [Fri Dec 02 2022 23:21:00 GMT+0530 (India Standard Time)}: mongoDB connected!

 [Fri Dec 02 2022 23:21:10 GMT+0530 (India Standard Time)}: mongoDB connected!

 [Fri Dec 02 2022 23:22:26 GMT+0530 (India Standard Time)}: mongoDB connected!

 [Fri Dec 02 2022 23:24:01 GMT+0530 (India Standard Time)}: mongoDB connected!

 [Fri Dec 02 2022 23:24:26 GMT+0530 (India Standard Time)}: mongoDB connected!

 [Fri Dec 02 2022 23:24:30 GMT+0530 (India Standard Time)}: mongoDB connected!

 [Fri Dec 02 2022 23:24:34 GMT+0530 (India Standard Time)}: mongoDB connected!

 [Fri Dec 02 2022 23:25:20 GMT+0530 (India Standard Time)}: mongoDB connected!

 [Fri Dec 02 2022 23:25:44 GMT+0530 (India Standard Time)}: mongoDB connected!

 [Fri Dec 02 2022 23:25:50 GMT+0530 (India Standard Time)}: mongoDB connected!

 [Fri Dec 02 2022 23:25:54 GMT+0530 (India Standard Time)}: mongoDB connected!

 [Fri Dec 02 2022 23:25:57 GMT+0530 (India Standard Time)}: mongoDB connected!

 [Fri Dec 02 2022 23:27:08 GMT+0530 (India Standard Time)}: mongoDB connected!

 [Fri Dec 02 2022 23:27:10 GMT+0530 (India Standard Time)}: mongoDB connected!

 [Fri Dec 02 2022 23:28:07 GMT+0530 (India Standard Time)}: mongoDB connected!

 [Fri Dec 02 2022 23:28:09 GMT+0530 (India Standard Time)}: mongoDB connected!

 [Fri Dec 02 2022 23:28:17 GMT+0530 (India Standard Time)}: mongoDB connected!

 [Fri Dec 02 2022 23:28:42 GMT+0530 (India Standard Time)}: mongoDB connected!

 [Fri Dec 02 2022 23:28:44 GMT+0530 (India Standard Time)}: mongoDB connected!

 [Fri Dec 02 2022 23:29:07 GMT+0530 (India Standard Time)}: mongoDB connected!

 [Fri Dec 02 2022 23:29:34 GMT+0530 (India Standard Time)}: mongoDB connected!

 [Fri Dec 02 2022 23:30:21 GMT+0530 (India Standard Time)}: mongoDB connected!

 [Fri Dec 02 2022 23:30:26 GMT+0530 (India Standard Time)}: mongoDB connected!

 [Fri Dec 02 2022 23:31:04 GMT+0530 (India Standard Time)}: mongoDB connected!

 [Fri Dec 02 2022 23:31:07 GMT+0530 (India Standard Time)}: mongoDB connected!

 [Fri Dec 02 2022 23:31:39 GMT+0530 (India Standard Time)}: mongoDB connected!

 [Fri Dec 02 2022 23:32:19 GMT+0530 (India Standard Time)}: mongoDB connected!

 [Fri Dec 02 2022 23:32:30 GMT+0530 (India Standard Time)}: mongoDB connected!

 [Fri Dec 02 2022 23:32:40 GMT+0530 (India Standard Time)}: mongoDB connected!

 [Fri Dec 02 2022 23:33:08 GMT+0530 (India Standard Time)}: mongoDB connected!

 [Fri Dec 02 2022 23:33:47 GMT+0530 (India Standard Time)}: mongoDB connected!

 [Fri Dec 02 2022 23:34:30 GMT+0530 (India Standard Time)}: mongoDB connected!

 [Fri Dec 02 2022 23:34:39 GMT+0530 (India Standard Time)}: mongoDB connected!

 [Fri Dec 02 2022 23:34:48 GMT+0530 (India Standard Time)}: mongoDB connected!

 [Fri Dec 02 2022 23:35:04 GMT+0530 (India Standard Time)}: mongoDB connected!

 [Fri Dec 02 2022 23:36:22 GMT+0530 (India Standard Time)}: mongoDB connected!

 [Fri Dec 02 2022 23:36:53 GMT+0530 (India Standard Time)}: mongoDB connected!

 [Fri Dec 02 2022 23:36:58 GMT+0530 (India Standard Time)}: mongoDB connected!

 [Fri Dec 02 2022 23:59:58 GMT+0530 (India Standard Time)}: mongoDB connected!

 [Sat Dec 03 2022 00:02:37 GMT+0530 (India Standard Time)}: mongoDB connected!

 [Sat Dec 03 2022 00:09:30 GMT+0530 (India Standard Time)}: mongoDB disconnected!

 [Sat Dec 03 2022 00:09:31 GMT+0530 (India Standard Time)}: mongoDB connected!

 [Sat Dec 03 2022 00:12:07 GMT+0530 (India Standard Time)}: mongoDB connected!

 [Sat Dec 03 2022 00:12:31 GMT+0530 (India Standard Time)}: mongoDB connected!

 [Sat Dec 03 2022 00:14:12 GMT+0530 (India Standard Time)}: mongoDB connected!

 [Sat Dec 03 2022 00:14:17 GMT+0530 (India Standard Time)}: mongoDB connected!

 [Sat Dec 03 2022 00:21:57 GMT+0530 (India Standard Time)}: mongoDB connected!

 [Sat Dec 03 2022 00:22:12 GMT+0530 (India Standard Time)}: mongoDB connected!

 [Sat Dec 03 2022 16:48:09 GMT+0530 (India Standard Time)}: mongoDB disconnected!

 [Sat Dec 03 2022 16:48:20 GMT+0530 (India Standard Time)}: mongoDB connected!

 [Sat Dec 03 2022 16:54:11 GMT+0530 (India Standard Time)}: mongoDB disconnected!

 [Sat Dec 03 2022 16:55:25 GMT+0530 (India Standard Time)}: mongoDB connected!

 [Sat Dec 03 2022 19:06:41 GMT+0530 (India Standard Time)}: mongoDB disconnected!

 [Sat Dec 03 2022 19:06:52 GMT+0530 (India Standard Time)}: mongoDB connected!

 [Sat Dec 03 2022 19:13:13 GMT+0530 (India Standard Time)}: mongoDB disconnected!

 [Sat Dec 03 2022 19:13:23 GMT+0530 (India Standard Time)}: mongoDB connected!

 [Sat Dec 03 2022 20:33:17 GMT+0530 (India Standard Time)}: mongoDB disconnected!

 [Sat Dec 03 2022 22:50:30 GMT+0530 (India Standard Time)}: mongoDB connected!

 [Sat Dec 03 2022 22:56:03 GMT+0530 (India Standard Time)}: mongoDB disconnected!

 [Sat Dec 03 2022 23:00:09 GMT+0530 (India Standard Time)}: mongoDB connected!

 [Sat Dec 03 2022 23:05:10 GMT+0530 (India Standard Time)}: mongoDB disconnected!

 [Sat Dec 03 2022 23:05:21 GMT+0530 (India Standard Time)}: mongoDB connected!

 [Sat Dec 03 2022 23:08:58 GMT+0530 (India Standard Time)}: mongoDB disconnected!

 [Sat Dec 03 2022 23:17:02 GMT+0530 (India Standard Time)}: mongoDB connected!

 [Sat Dec 03 2022 23:22:53 GMT+0530 (India Standard Time)}: mongoDB disconnected!

 [Sat Dec 03 2022 23:23:03 GMT+0530 (India Standard Time)}: mongoDB connected!

 [Sat Dec 03 2022 23:30:54 GMT+0530 (India Standard Time)}: mongoDB disconnected!

 [Sat Dec 03 2022 23:31:05 GMT+0530 (India Standard Time)}: mongoDB connected!

 [Sat Dec 03 2022 23:39:25 GMT+0530 (India Standard Time)}: mongoDB disconnected!

 [Sat Dec 03 2022 23:39:36 GMT+0530 (India Standard Time)}: mongoDB connected!

 [Sat Dec 03 2022 23:47:07 GMT+0530 (India Standard Time)}: mongoDB disconnected!

 [Sat Dec 03 2022 23:47:17 GMT+0530 (India Standard Time)}: mongoDB connected!

 [Sat Dec 03 2022 23:54:58 GMT+0530 (India Standard Time)}: mongoDB disconnected!

 [Sat Dec 03 2022 23:55:08 GMT+0530 (India Standard Time)}: mongoDB connected!

 [Sun Dec 04 2022 00:01:09 GMT+0530 (India Standard Time)}: mongoDB disconnected!

 [Sun Dec 04 2022 00:01:19 GMT+0530 (India Standard Time)}: mongoDB connected!

 [Sun Dec 04 2022 00:14:17 GMT+0530 (India Standard Time)}: mongoDB connected!

 [Sun Dec 04 2022 00:14:20 GMT+0530 (India Standard Time)}: mongoDB connected!

 [Sun Dec 04 2022 00:15:38 GMT+0530 (India Standard Time)}: mongoDB connected!

 [Sun Dec 04 2022 00:16:17 GMT+0530 (India Standard Time)}: mongoDB connected!

 [Sun Dec 04 2022 00:16:48 GMT+0530 (India Standard Time)}: mongoDB connected!

 [Sun Dec 04 2022 00:17:22 GMT+0530 (India Standard Time)}: mongoDB connected!

 [Sun Dec 04 2022 00:19:54 GMT+0530 (India Standard Time)}: mongoDB connected!

 [Sun Dec 04 2022 00:20:01 GMT+0530 (India Standard Time)}: mongoDB connected!

 [Sun Dec 04 2022 00:26:12 GMT+0530 (India Standard Time)}: mongoDB disconnected!

 [Sun Dec 04 2022 00:26:22 GMT+0530 (India Standard Time)}: mongoDB connected!

 [Sun Dec 04 2022 00:36:49 GMT+0530 (India Standard Time)}: mongoDB connected!

 [Sun Dec 04 2022 00:37:44 GMT+0530 (India Standard Time)}: mongoDB connected!

 [Sun Dec 04 2022 00:37:52 GMT+0530 (India Standard Time)}: mongoDB connected!

 [Sun Dec 04 2022 00:40:04 GMT+0530 (India Standard Time)}: mongoDB connected!

 [Sun Dec 04 2022 00:41:00 GMT+0530 (India Standard Time)}: mongoDB connected!

 [Sun Dec 04 2022 00:41:47 GMT+0530 (India Standard Time)}: mongoDB connected!

 [Sun Dec 04 2022 00:43:02 GMT+0530 (India Standard Time)}: mongoDB connected!

 [Sun Dec 04 2022 00:43:05 GMT+0530 (India Standard Time)}: mongoDB connected!

 [Sun Dec 04 2022 00:43:48 GMT+0530 (India Standard Time)}: mongoDB connected!

 [Sun Dec 04 2022 00:43:54 GMT+0530 (India Standard Time)}: mongoDB connected!

 [Sun Dec 04 2022 00:44:33 GMT+0530 (India Standard Time)}: mongoDB connected!

 [Sun Dec 04 2022 00:44:36 GMT+0530 (India Standard Time)}: mongoDB connected!

 [Sun Dec 04 2022 00:44:48 GMT+0530 (India Standard Time)}: mongoDB connected!

 [Sun Dec 04 2022 00:48:06 GMT+0530 (India Standard Time)}: mongoDB connected!

 [Sun Dec 04 2022 00:51:30 GMT+0530 (India Standard Time)}: mongoDB connected!

 [Sun Dec 04 2022 00:53:47 GMT+0530 (India Standard Time)}: mongoDB connected!

 [Sun Dec 04 2022 00:54:16 GMT+0530 (India Standard Time)}: mongoDB connected!

 [Sun Dec 04 2022 00:55:35 GMT+0530 (India Standard Time)}: mongoDB connected!

 [Sun Dec 04 2022 00:55:40 GMT+0530 (India Standard Time)}: mongoDB connected!

 [Sun Dec 04 2022 00:56:07 GMT+0530 (India Standard Time)}: mongoDB connected!
